--------------------
[[ conect BDD :) ]]
--------------------
--------------------
[[ conect BDD :) ]]
--------------------
Login
--------------------
[[ conect BDD :) ]]
--------------------
--------------------
[[ conect BDD :) ]]
--------------------
Login
--------------------
[[ conect BDD :) ]]
--------------------
--------------------
[[ conect BDD :) ]]
--------------------
Login
login:leonardbravoillanes@gmail.com - lala
{"edo": "no", "id": "0", "mail": "leonardbravoillanes@gmail.com"}
Login
--------------------
[[ conect BDD :) ]]
--------------------
Login
login:leonardbravoillanes@gmail.com - lala
{"edo": "ok", "id": "1", "mail": "leonardbravoillanes@gmail.com"}
Login
login:leonardbravoillanes@gmail.com - lksjlksjdf
{"edo": "no", "id": "0", "mail": "leonardbravoillanes@gmail.com"}
